#! /usr/local/bin/vvp
:ivl_version "12.0 (stable)";
:ivl_delay_selection "TYPICAL";
:vpi_time_precision + 0;
:vpi_module "/usr/local/lib/ivl/system.vpi";
:vpi_module "/usr/local/lib/ivl/vhdl_sys.vpi";
:vpi_module "/usr/local/lib/ivl/vhdl_textio.vpi";
:vpi_module "/usr/local/lib/ivl/v2005_math.vpi";
:vpi_module "/usr/local/lib/ivl/va_math.vpi";
:vpi_module "/usr/local/lib/ivl/v2009.vpi";
S_0x11a0fe0 .scope package, "$unit" "$unit" 2 1;
 .timescale 0 0;
S_0x11a36c0 .scope module, "fourbitadder_tb" "fourbitadder_tb" 3 4;
 .timescale 0 0;
v0x11d3df0_0 .var "a", 3 0;
v0x11d3ed0_0 .var "b", 3 0;
v0x11d3fa0_0 .var "cin", 0 0;
v0x11d4070_0 .net "cout", 0 0, L_0x11d5d50;  1 drivers
v0x11d4160_0 .net "sum", 3 0, L_0x11d6060;  1 drivers
S_0x11a2310 .scope module, "uut" "fourbitadder" 3 15, 4 19 0, S_0x11a36c0;
 .timescale 0 0;
    .port_info 0 /INPUT 4 "a";
    .port_info 1 /INPUT 4 "b";
    .port_info 2 /INPUT 1 "cin";
    .port_info 3 /OUTPUT 4 "sum";
    .port_info 4 /OUTPUT 1 "cout";
v0x11d3710_0 .net "a", 3 0, v0x11d3df0_0;  1 drivers
v0x11d3810_0 .net "b", 3 0, v0x11d3ed0_0;  1 drivers
v0x11d38f0_0 .net "c1", 0 0, L_0x11d46f0;  1 drivers
v0x11d3990_0 .net "c2", 0 0, L_0x11d4e60;  1 drivers
v0x11d3a30_0 .net "c3", 0 0, L_0x11d5540;  1 drivers
v0x11d3b20_0 .net "cin", 0 0, v0x11d3fa0_0;  1 drivers
v0x11d3c10_0 .net "cout", 0 0, L_0x11d5d50;  alias, 1 drivers
v0x11d3cb0_0 .net "sum", 3 0, L_0x11d6060;  alias, 1 drivers
L_0x11d4830 .part v0x11d3df0_0, 0, 1;
L_0x11d4980 .part v0x11d3ed0_0, 0, 1;
L_0x11d4fa0 .part v0x11d3df0_0, 1, 1;
L_0x11d50d0 .part v0x11d3ed0_0, 1, 1;
L_0x11d5680 .part v0x11d3df0_0, 2, 1;
L_0x11d5840 .part v0x11d3ed0_0, 2, 1;
L_0x11d5e00 .part v0x11d3df0_0, 3, 1;
L_0x11d5f30 .part v0x11d3ed0_0, 3, 1;
L_0x11d6060 .concat8 [ 1 1 1 1], L_0x11d4440, L_0x11d4c40, L_0x11d5320, L_0x11d5b80;
S_0x119f820 .scope module, "fa0" "fulladder_2" 4 26, 4 9 0, S_0x11a2310;
 .timescale 0 0;
    .port_info 0 /INPUT 1 "a";
    .port_info 1 /INPUT 1 "b";
    .port_info 2 /INPUT 1 "cin";
    .port_info 3 /OUTPUT 1 "sum";
    .port_info 4 /OUTPUT 1 "cout";
L_0x11d46f0 .functor OR 1, L_0x11d4360, L_0x11d4660, C4<0>, C4<0>;
v0x11cefc0_0 .net "a", 0 0, L_0x11d4830;  1 drivers
v0x11cf080_0 .net "b", 0 0, L_0x11d4980;  1 drivers
v0x11cf150_0 .net "cin", 0 0, v0x11d3fa0_0;  alias, 1 drivers
v0x11cf250_0 .net "cout", 0 0, L_0x11d46f0;  alias, 1 drivers
v0x11cf2f0_0 .net "d1", 0 0, L_0x11d4360;  1 drivers
v0x11cf3e0_0 .net "d2", 0 0, L_0x11d4660;  1 drivers
v0x11cf4b0_0 .net "sum", 0 0, L_0x11d4440;  1 drivers
v0x11cf580_0 .net "x1", 0 0, L_0x11d4250;  1 drivers
S_0x119fcc0 .scope module, "ha1" "halfadder_2" 4 14, 4 2 0, S_0x119f820;
 .timescale 0 0;
    .port_info 0 /INPUT 1 "a";
    .port_info 1 /INPUT 1 "b";
    .port_info 2 /OUTPUT 1 "sum";
    .port_info 3 /OUTPUT 1 "carry";
L_0x11d4250 .functor XOR 1, L_0x11d4830, L_0x11d4980, C4<0>, C4<0>;
L_0x11d4360 .functor AND 1, L_0x11d4830, L_0x11d4980, C4<1>, C4<1>;
v0x11a6e50_0 .net "a", 0 0, L_0x11d4830;  alias, 1 drivers
v0x11ce6a0_0 .net "b", 0 0, L_0x11d4980;  alias, 1 drivers
v0x11ce760_0 .net "carry", 0 0, L_0x11d4360;  alias, 1 drivers
v0x11ce830_0 .net "sum", 0 0, L_0x11d4250;  alias, 1 drivers
S_0x11ce9a0 .scope module, "ha2" "halfadder_2" 4 15, 4 2 0, S_0x119f820;
 .timescale 0 0;
    .port_info 0 /INPUT 1 "a";
    .port_info 1 /INPUT 1 "b";
    .port_info 2 /OUTPUT 1 "sum";
    .port_info 3 /OUTPUT 1 "carry";
L_0x11d4440 .functor XOR 1, L_0x11d4250, v0x11d3fa0_0, C4<0>, C4<0>;
L_0x11d4660 .functor AND 1, L_0x11d4250, v0x11d3fa0_0, C4<1>, C4<1>;
v0x11cec10_0 .net "a", 0 0, L_0x11d4250;  alias, 1 drivers
v0x11cece0_0 .net "b", 0 0, v0x11d3fa0_0;  alias, 1 drivers
v0x11ced80_0 .net "carry", 0 0, L_0x11d4660;  alias, 1 drivers
v0x11cee50_0 .net "sum", 0 0, L_0x11d4440;  alias, 1 drivers
S_0x11cf670 .scope module, "fa1" "fulladder_2" 4 27, 4 9 0, S_0x11a2310;
 .timescale 0 0;
    .port_info 0 /INPUT 1 "a";
    .port_info 1 /INPUT 1 "b";
    .port_info 2 /INPUT 1 "cin";
    .port_info 3 /OUTPUT 1 "sum";
    .port_info 4 /OUTPUT 1 "cout";
L_0x11d4e60 .functor OR 1, L_0x11d4b60, L_0x11d4dd0, C4<0>, C4<0>;
v0x11d0540_0 .net "a", 0 0, L_0x11d4fa0;  1 drivers
v0x11d0600_0 .net "b", 0 0, L_0x11d50d0;  1 drivers
v0x11d06d0_0 .net "cin", 0 0, L_0x11d46f0;  alias, 1 drivers
v0x11d07f0_0 .net "cout", 0 0, L_0x11d4e60;  alias, 1 drivers
v0x11d0890_0 .net "d1", 0 0, L_0x11d4b60;  1 drivers
v0x11d0980_0 .net "d2", 0 0, L_0x11d4dd0;  1 drivers
v0x11d0a20_0 .net "sum", 0 0, L_0x11d4c40;  1 drivers
v0x11d0af0_0 .net "x1", 0 0, L_0x11d4ab0;  1 drivers
S_0x11cf8d0 .scope module, "ha1" "halfadder_2" 4 14, 4 2 0, S_0x11cf670;
 .timescale 0 0;
    .port_info 0 /INPUT 1 "a";
    .port_info 1 /INPUT 1 "b";
    .port_info 2 /OUTPUT 1 "sum";
    .port_info 3 /OUTPUT 1 "carry";
L_0x11d4ab0 .functor XOR 1, L_0x11d4fa0, L_0x11d50d0, C4<0>, C4<0>;
L_0x11d4b60 .functor AND 1, L_0x11d4fa0, L_0x11d50d0, C4<1>, C4<1>;
v0x11cfb50_0 .net "a", 0 0, L_0x11d4fa0;  alias, 1 drivers
v0x11cfc30_0 .net "b", 0 0, L_0x11d50d0;  alias, 1 drivers
v0x11cfcf0_0 .net "carry", 0 0, L_0x11d4b60;  alias, 1 drivers
v0x11cfdc0_0 .net "sum", 0 0, L_0x11d4ab0;  alias, 1 drivers
S_0x11cff30 .scope module, "ha2" "halfadder_2" 4 15, 4 2 0, S_0x11cf670;
 .timescale 0 0;
    .port_info 0 /INPUT 1 "a";
    .port_info 1 /INPUT 1 "b";
    .port_info 2 /OUTPUT 1 "sum";
    .port_info 3 /OUTPUT 1 "carry";
L_0x11d4c40 .functor XOR 1, L_0x11d4ab0, L_0x11d46f0, C4<0>, C4<0>;
L_0x11d4dd0 .functor AND 1, L_0x11d4ab0, L_0x11d46f0, C4<1>, C4<1>;
v0x11d01a0_0 .net "a", 0 0, L_0x11d4ab0;  alias, 1 drivers
v0x11d0270_0 .net "b", 0 0, L_0x11d46f0;  alias, 1 drivers
v0x11d0340_0 .net "carry", 0 0, L_0x11d4dd0;  alias, 1 drivers
v0x11d0410_0 .net "sum", 0 0, L_0x11d4c40;  alias, 1 drivers
S_0x11d0be0 .scope module, "fa2" "fulladder_2" 4 28, 4 9 0, S_0x11a2310;
 .timescale 0 0;
    .port_info 0 /INPUT 1 "a";
    .port_info 1 /INPUT 1 "b";
    .port_info 2 /INPUT 1 "cin";
    .port_info 3 /OUTPUT 1 "sum";
    .port_info 4 /OUTPUT 1 "cout";
L_0x11d5540 .functor OR 1, L_0x11d5290, L_0x11d54b0, C4<0>, C4<0>;
v0x11d1ae0_0 .net "a", 0 0, L_0x11d5680;  1 drivers
v0x11d1ba0_0 .net "b", 0 0, L_0x11d5840;  1 drivers
v0x11d1c70_0 .net "cin", 0 0, L_0x11d4e60;  alias, 1 drivers
v0x11d1d90_0 .net "cout", 0 0, L_0x11d5540;  alias, 1 drivers
v0x11d1e30_0 .net "d1", 0 0, L_0x11d5290;  1 drivers
v0x11d1f20_0 .net "d2", 0 0, L_0x11d54b0;  1 drivers
v0x11d1fc0_0 .net "sum", 0 0, L_0x11d5320;  1 drivers
v0x11d2090_0 .net "x1", 0 0, L_0x11d5200;  1 drivers
S_0x11d0e70 .scope module, "ha1" "halfadder_2" 4 14, 4 2 0, S_0x11d0be0;
 .timescale 0 0;
    .port_info 0 /INPUT 1 "a";
    .port_info 1 /INPUT 1 "b";
    .port_info 2 /OUTPUT 1 "sum";
    .port_info 3 /OUTPUT 1 "carry";
L_0x11d5200 .functor XOR 1, L_0x11d5680, L_0x11d5840, C4<0>, C4<0>;
L_0x11d5290 .functor AND 1, L_0x11d5680, L_0x11d5840, C4<1>, C4<1>;
v0x11d10f0_0 .net "a", 0 0, L_0x11d5680;  alias, 1 drivers
v0x11d11d0_0 .net "b", 0 0, L_0x11d5840;  alias, 1 drivers
v0x11d1290_0 .net "carry", 0 0, L_0x11d5290;  alias, 1 drivers
v0x11d1360_0 .net "sum", 0 0, L_0x11d5200;  alias, 1 drivers
S_0x11d14d0 .scope module, "ha2" "halfadder_2" 4 15, 4 2 0, S_0x11d0be0;
 .timescale 0 0;
    .port_info 0 /INPUT 1 "a";
    .port_info 1 /INPUT 1 "b";
    .port_info 2 /OUTPUT 1 "sum";
    .port_info 3 /OUTPUT 1 "carry";
L_0x11d5320 .functor XOR 1, L_0x11d5200, L_0x11d4e60, C4<0>, C4<0>;
L_0x11d54b0 .functor AND 1, L_0x11d5200, L_0x11d4e60, C4<1>, C4<1>;
v0x11d1740_0 .net "a", 0 0, L_0x11d5200;  alias, 1 drivers
v0x11d1810_0 .net "b", 0 0, L_0x11d4e60;  alias, 1 drivers
v0x11d18e0_0 .net "carry", 0 0, L_0x11d54b0;  alias, 1 drivers
v0x11d19b0_0 .net "sum", 0 0, L_0x11d5320;  alias, 1 drivers
S_0x11d2180 .scope module, "fa3" "fulladder_2" 4 29, 4 9 0, S_0x11a2310;
 .timescale 0 0;
    .port_info 0 /INPUT 1 "a";
    .port_info 1 /INPUT 1 "b";
    .port_info 2 /INPUT 1 "cin";
    .port_info 3 /OUTPUT 1 "sum";
    .port_info 4 /OUTPUT 1 "cout";
L_0x11d5d50 .functor OR 1, L_0x11d5af0, L_0x11d5cc0, C4<0>, C4<0>;
v0x11d3070_0 .net "a", 0 0, L_0x11d5e00;  1 drivers
v0x11d3130_0 .net "b", 0 0, L_0x11d5f30;  1 drivers
v0x11d3200_0 .net "cin", 0 0, L_0x11d5540;  alias, 1 drivers
v0x11d3320_0 .net "cout", 0 0, L_0x11d5d50;  alias, 1 drivers
v0x11d33c0_0 .net "d1", 0 0, L_0x11d5af0;  1 drivers
v0x11d34b0_0 .net "d2", 0 0, L_0x11d5cc0;  1 drivers
v0x11d3550_0 .net "sum", 0 0, L_0x11d5b80;  1 drivers
v0x11d3620_0 .net "x1", 0 0, L_0x11d5a40;  1 drivers
S_0x11d23e0 .scope module, "ha1" "halfadder_2" 4 14, 4 2 0, S_0x11d2180;
 .timescale 0 0;
    .port_info 0 /INPUT 1 "a";
    .port_info 1 /INPUT 1 "b";
    .port_info 2 /OUTPUT 1 "sum";
    .port_info 3 /OUTPUT 1 "carry";
L_0x11d5a40 .functor XOR 1, L_0x11d5e00, L_0x11d5f30, C4<0>, C4<0>;
L_0x11d5af0 .functor AND 1, L_0x11d5e00, L_0x11d5f30, C4<1>, C4<1>;
v0x11d2680_0 .net "a", 0 0, L_0x11d5e00;  alias, 1 drivers
v0x11d2760_0 .net "b", 0 0, L_0x11d5f30;  alias, 1 drivers
v0x11d2820_0 .net "carry", 0 0, L_0x11d5af0;  alias, 1 drivers
v0x11d28f0_0 .net "sum", 0 0, L_0x11d5a40;  alias, 1 drivers
S_0x11d2a60 .scope module, "ha2" "halfadder_2" 4 15, 4 2 0, S_0x11d2180;
 .timescale 0 0;
    .port_info 0 /INPUT 1 "a";
    .port_info 1 /INPUT 1 "b";
    .port_info 2 /OUTPUT 1 "sum";
    .port_info 3 /OUTPUT 1 "carry";
L_0x11d5b80 .functor XOR 1, L_0x11d5a40, L_0x11d5540, C4<0>, C4<0>;
L_0x11d5cc0 .functor AND 1, L_0x11d5a40, L_0x11d5540, C4<1>, C4<1>;
v0x11d2cd0_0 .net "a", 0 0, L_0x11d5a40;  alias, 1 drivers
v0x11d2da0_0 .net "b", 0 0, L_0x11d5540;  alias, 1 drivers
v0x11d2e70_0 .net "carry", 0 0, L_0x11d5cc0;  alias, 1 drivers
v0x11d2f40_0 .net "sum", 0 0, L_0x11d5b80;  alias, 1 drivers
    .scope S_0x11a36c0;
T_0 ;
    %pushi/vec4 0, 0, 4;
    %store/vec4 v0x11d3df0_0, 0, 4;
    %pushi/vec4 0, 0, 4;
    %store/vec4 v0x11d3ed0_0, 0, 4;
    %pushi/vec4 0, 0, 1;
    %store/vec4 v0x11d3fa0_0, 0, 1;
    %delay 10, 0;
    %pushi/vec4 1, 0, 4;
    %store/vec4 v0x11d3df0_0, 0, 4;
    %pushi/vec4 1, 0, 4;
    %store/vec4 v0x11d3ed0_0, 0, 4;
    %pushi/vec4 0, 0, 1;
    %store/vec4 v0x11d3fa0_0, 0, 1;
    %delay 10, 0;
    %pushi/vec4 2, 0, 4;
    %store/vec4 v0x11d3df0_0, 0, 4;
    %pushi/vec4 3, 0, 4;
    %store/vec4 v0x11d3ed0_0, 0, 4;
    %pushi/vec4 0, 0, 1;
    %store/vec4 v0x11d3fa0_0, 0, 1;
    %delay 10, 0;
    %pushi/vec4 4, 0, 4;
    %store/vec4 v0x11d3df0_0, 0, 4;
    %pushi/vec4 5, 0, 4;
    %store/vec4 v0x11d3ed0_0, 0, 4;
    %pushi/vec4 0, 0, 1;
    %store/vec4 v0x11d3fa0_0, 0, 1;
    %delay 10, 0;
    %pushi/vec4 7, 0, 4;
    %store/vec4 v0x11d3df0_0, 0, 4;
    %pushi/vec4 1, 0, 4;
    %store/vec4 v0x11d3ed0_0, 0, 4;
    %pushi/vec4 1, 0, 1;
    %store/vec4 v0x11d3fa0_0, 0, 1;
    %delay 10, 0;
    %pushi/vec4 15, 0, 4;
    %store/vec4 v0x11d3df0_0, 0, 4;
    %pushi/vec4 1, 0, 4;
    %store/vec4 v0x11d3ed0_0, 0, 4;
    %pushi/vec4 1, 0, 1;
    %store/vec4 v0x11d3fa0_0, 0, 1;
    %delay 10, 0;
    %vpi_call/w 3 42 "$finish" {0 0 0};
    %end;
    .thread T_0;
    .scope S_0x11a36c0;
T_1 ;
    %vpi_call/w 3 46 "$monitor", "At time %t: a = %b, b = %b, cin = %b -> sum = %b, cout = %b", $time, v0x11d3df0_0, v0x11d3ed0_0, v0x11d3fa0_0, v0x11d4160_0, v0x11d4070_0 {0 0 0};
    %end;
    .thread T_1;
    .scope S_0x11a36c0;
T_2 ;
    %vpi_call/w 3 49 "$dumpfile", "dump.vcd" {0 0 0};
    %vpi_call/w 3 49 "$dumpvars" {0 0 0};
    %end;
    .thread T_2;
# The file index is used to find the file name in the following table.
:file_names 5;
    "N/A";
    "<interactive>";
    "-";
    "testbench.sv";
    "design.sv";
